<?xml version="1.0" encoding="UTF-8"?>
<testng-results ignored="0" total="1" passed="1" failed="0" skipped="0">
  <reporter-output>
  </reporter-output>
  <suite started-at="2023-04-02T16:15:09 IST" name="Suite" finished-at="2023-04-02T16:15:31 IST" duration-ms="22017">
    <groups>
    </groups>
    <test started-at="2023-04-02T16:15:09 IST" name="Test" finished-at="2023-04-02T16:15:31 IST" duration-ms="22017">
      <class name="demo2.Script">
        <test-method signature="TestCreative2()[pri:0, instance:demo2.Script@6b67034]" started-at="2023-04-02T16:15:09 IST" name="TestCreative2" finished-at="2023-04-02T16:15:31 IST" duration-ms="21861" status="PASS">
          <reporter-output>
          </reporter-output>
        </test-method> <!-- TestCreative2 -->
      </class> <!-- demo2.Script -->
    </test> <!-- Test -->
  </suite> <!-- Suite -->
</testng-results>
